<?xml version="1.0" encoding="UTF-8"?>
<!-- Generated by org.testng.reporters.JUnitXMLReporter -->
<testsuite ignored="0" hostname="SABARI" failures="1" tests="1" name="Database1" time="0.061" errors="0" timestamp="2023-01-31T04:39:55 CST">
  <testcase classname="testCases.LoginTestCase" name="TESTCASE1" time="0.034">
    <failure type="java.lang.NullPointerException" message="Cannot invoke &amp;quot;org.openqa.selenium.WebDriver.manage()&amp;quot; because &amp;quot;testCases.LoginTestCase.fire1&amp;quot; is null">
      <![CDATA[java.lang.NullPointerException: Cannot invoke "org.openqa.selenium.WebDriver.manage()" because "testCases.LoginTestCase.fire1" is null
at testCases.LoginTestCase.TESTCASE1(LoginTestCase.java:15)
at java.base/java.util.ArrayList.forEach(ArrayList.java:1511)
... Removed 25 stack frames]]>
    </failure>
  </testcase> <!-- TESTCASE1 -->
</testsuite> <!-- Database1 -->
