<?xml version="1.0" encoding="UTF-8"?>
<!-- Generated by org.testng.reporters.JUnitXMLReporter -->
<testsuite ignored="0" hostname="SABARI" failures="0" tests="0" time="0.011" errors="0" timestamp="2023-01-30T23:18:01 CST">
  <testcase classname="commonFuntions.CommonFunctions" name="@BeforeSuite Beforesuite" time="0.009">
    <failure type="java.lang.ClassNotFoundException" message="com.mysql.jdbc.cj.driver">
      <![CDATA[java.lang.ClassNotFoundException: com.mysql.jdbc.cj.driver
at java.base/jdk.internal.loader.BuiltinClassLoader.loadClass(BuiltinClassLoader.java:641)
at java.base/jdk.internal.loader.ClassLoaders$AppClassLoader.loadClass(ClassLoaders.java:188)
at java.base/java.lang.ClassLoader.loadClass(ClassLoader.java:521)
at java.base/java.lang.Class.forName0(Native Method)
at java.base/java.lang.Class.forName(Class.java:383)
at java.base/java.lang.Class.forName(Class.java:376)
at commonFuntions.CommonFunctions.Beforesuite(CommonFunctions.java:23)
... Removed 17 stack frames]]>
    </failure>
  </testcase> <!-- @BeforeSuite Beforesuite -->
</testsuite>
